<?xml version="1.0" encoding="UTF-8"?>
<!-- Generated by org.testng.reporters.JUnitReportReporter -->
<testsuite hostname="DESKTOP-VD4OOGI" failures="0" tests="1" name="com_scm_Practice_TESTNG.Project_Smoke_distributor_Test" time="1.833" errors="0" timestamp="2023-08-08T12:05:56 IST" skipped="0">
  <testcase classname="com_scm_Practice_TESTNG.Project_Smoke_distributor_Test" name="loginDistributor" time="1.833"/>
  <system-out/>
</testsuite> <!-- com_scm_Practice_TESTNG.Project_Smoke_distributor_Test -->
