<?xml version="1.0" encoding="UTF-8"?>
<!-- Generated by org.testng.reporters.JUnitReportReporter -->
<testsuite hostname="DESKTOP-VD4OOGI" failures="0" tests="6" name="com_scm_Practice_TESTNG.CReate_Retail_Test" time="5.042" errors="0" timestamp="2023-08-08T10:21:07 IST" skipped="0">
  <testcase classname="com_scm_Practice_TESTNG.CReate_Retail_Test" name="m" time="0.530"/>
  <system-out/>
  <testcase classname="com_scm_Practice_TESTNG.CReate_Retail_Test" name="R" time="0.707"/>
  <system-out/>
  <testcase classname="com_scm_Practice_TESTNG.CReate_Retail_Test" name="Order" time="1.215"/>
  <system-out/>
  <testcase classname="com_scm_Practice_TESTNG.CReate_Retail_Test" name="R" time="1.021"/>
  <system-out/>
  <testcase classname="com_scm_Practice_TESTNG.CReate_Retail_Test" name="m" time="0.758"/>
  <system-out/>
  <testcase classname="com_scm_Practice_TESTNG.CReate_Retail_Test" name="Order" time="0.811"/>
  <system-out/>
</testsuite> <!-- com_scm_Practice_TESTNG.CReate_Retail_Test -->
