<?xml version="1.0" encoding="UTF-8"?>
<!-- Generated by org.testng.reporters.JUnitReportReporter -->
<testsuite hostname="DESKTOP-VD4OOGI" failures="0" tests="3" name="com_scm_Practice_TESTNG.Addp_AddD_TEST" time="0.009" errors="0" timestamp="2023-10-20T06:46:35 IST" skipped="0">
  <testcase classname="com_scm_Practice_TESTNG.Addp_AddD_TEST" name="logout" time="0.001"/>
  <system-out/>
  <testcase classname="com_scm_Practice_TESTNG.Addp_AddD_TEST" name="addp" time="0.002"/>
  <system-out/>
  <testcase classname="com_scm_Practice_TESTNG.Addp_AddD_TEST" name="addD" time="0.006"/>
  <system-out/>
</testsuite> <!-- com_scm_Practice_TESTNG.Addp_AddD_TEST -->
