<?xml version="1.0" encoding="UTF-8"?>
<!-- Generated by org.testng.reporters.JUnitReportReporter -->
<testsuite hostname="DESKTOP-VD4OOGI" failures="0" tests="4" name="com_scm_Practice_TESTNG.Addm_ADDR_TEST" time="3.011" errors="0" timestamp="2023-08-08T10:21:07 IST" skipped="0">
  <testcase classname="com_scm_Practice_TESTNG.Addm_ADDR_TEST" name="addm" time="0.697"/>
  <system-out/>
  <testcase classname="com_scm_Practice_TESTNG.Addm_ADDR_TEST" name="addr" time="0.658"/>
  <system-out/>
  <testcase classname="com_scm_Practice_TESTNG.Addm_ADDR_TEST" name="addm" time="0.693"/>
  <system-out/>
  <testcase classname="com_scm_Practice_TESTNG.Addm_ADDR_TEST" name="addr" time="0.963"/>
  <system-out/>
</testsuite> <!-- com_scm_Practice_TESTNG.Addm_ADDR_TEST -->
