<?xml version="1.0" encoding="UTF-8"?>
<!-- Generated by org.testng.reporters.JUnitReportReporter -->
<testsuite hostname="DESKTOP-VD4OOGI" failures="0" tests="6" name="com_scm_Practice_TESTNG.FetchMultiplesSetOfData_Generic_Test" time="0.008" errors="0" timestamp="2023-08-07T10:10:30 IST" skipped="0">
  <testcase classname="com_scm_Practice_TESTNG.FetchMultiplesSetOfData_Generic_Test" name="fetchData" time="0.001"/>
  <system-out/>
  <testcase classname="com_scm_Practice_TESTNG.FetchMultiplesSetOfData_Generic_Test" name="fetchData" time="0.000"/>
  <system-out/>
  <testcase classname="com_scm_Practice_TESTNG.FetchMultiplesSetOfData_Generic_Test" name="fetchData" time="0.001"/>
  <system-out/>
  <testcase classname="com_scm_Practice_TESTNG.FetchMultiplesSetOfData_Generic_Test" name="fetchData" time="0.000"/>
  <system-out/>
  <testcase classname="com_scm_Practice_TESTNG.FetchMultiplesSetOfData_Generic_Test" name="fetchData" time="0.001"/>
  <system-out/>
  <testcase classname="com_scm_Practice_TESTNG.FetchMultiplesSetOfData_Generic_Test" name="fetchData" time="0.005"/>
  <system-out/>
</testsuite> <!-- com_scm_Practice_TESTNG.FetchMultiplesSetOfData_Generic_Test -->
