<?xml version="1.0" encoding="UTF-8"?>
<!-- Generated by org.testng.reporters.JUnitReportReporter -->
<testsuite hostname="DESKTOP-VD4OOGI" failures="0" tests="2" name="com_scm_Practice_TESTNG.DataProviderTEST" time="0.005" errors="0" timestamp="2023-09-15T10:38:28 IST" skipped="0">
  <testcase classname="com_scm_Practice_TESTNG.DataProviderTEST" name="getData" time="0.004"/>
  <system-out/>
  <testcase classname="com_scm_Practice_TESTNG.DataProviderTEST" name="getData" time="0.001"/>
  <system-out/>
</testsuite> <!-- com_scm_Practice_TESTNG.DataProviderTEST -->
