<?xml version="1.0" encoding="UTF-8"?>
<!-- Generated by org.testng.reporters.JUnitReportReporter -->
<testsuite hostname="DESKTOP-VD4OOGI" failures="0" tests="1" name="com.scm_Practice.actitimeCmdLine" time="20.168" errors="0" timestamp="2023-07-28T17:30:54 IST" skipped="0">
  <testcase classname="com.scm_Practice.actitimeCmdLine" name="actitime" time="20.168"/>
  <system-out/>
</testsuite> <!-- com.scm_Practice.actitimeCmdLine -->
