<?xml version="1.0" encoding="UTF-8"?>
<!-- Generated by org.testng.reporters.JUnitReportReporter -->
<testsuite hostname="DESKTOP-VD4OOGI" failures="0" tests="2" name="com_scm_Practice_TESTNG.FetchData" time="0.007" errors="0" timestamp="2023-08-04T13:34:53 IST" skipped="0">
  <testcase classname="com_scm_Practice_TESTNG.FetchData" name="getData" time="0.000"/>
  <system-out/>
  <testcase classname="com_scm_Practice_TESTNG.FetchData" name="getData" time="0.007"/>
  <system-out/>
</testsuite> <!-- com_scm_Practice_TESTNG.FetchData -->
