<?xml version="1.0" encoding="UTF-8"?>
<!-- Generated by org.testng.reporters.JUnitReportReporter -->
<testsuite hostname="DESKTOP-VD4OOGI" failures="0" tests="2" name="com_scm_Practice_TESTNG.Project_Smoke_Adminadd_distributor_Test" time="2.281" errors="0" timestamp="2023-08-08T16:35:12 IST" skipped="0">
  <testcase classname="com_scm_Practice_TESTNG.Project_Smoke_Adminadd_distributor_Test" name="loginDistributor" time="0.949"/>
  <system-out/>
  <testcase classname="com_scm_Practice_TESTNG.Project_Smoke_Adminadd_distributor_Test" name="loginDistributor" time="1.332"/>
  <system-out/>
</testsuite> <!-- com_scm_Practice_TESTNG.Project_Smoke_Adminadd_distributor_Test -->
