<?xml version="1.0" encoding="UTF-8"?>
<!-- Generated by org.testng.reporters.JUnitReportReporter -->
<testsuite hostname="DESKTOP-VD4OOGI" failures="0" tests="1" name="com_scm_Practice_TESTNG.login_Admin_TEST" time="1.026" errors="0" timestamp="2023-08-07T15:30:09 IST" skipped="0">
  <testcase classname="com_scm_Practice_TESTNG.login_Admin_TEST" name="add_ma" time="1.026"/>
  <system-out/>
</testsuite> <!-- com_scm_Practice_TESTNG.login_Admin_TEST -->
