<?xml version="1.0" encoding="UTF-8"?>
<!-- Generated by org.testng.reporters.JUnitReportReporter -->
<testsuite hostname="DESKTOP-VD4OOGI" failures="0" tests="1" name="com_scm_Practice_TESTNG.Project_System_manuf_Invoice_Test" time="2.143" errors="0" timestamp="2023-08-08T16:40:11 IST" skipped="0">
  <testcase classname="com_scm_Practice_TESTNG.Project_System_manuf_Invoice_Test" name="Manuf_Invoice" time="2.143"/>
  <system-out/>
</testsuite> <!-- com_scm_Practice_TESTNG.Project_System_manuf_Invoice_Test -->
