<?xml version="1.0" encoding="UTF-8"?>
<!-- Generated by org.testng.reporters.JUnitReportReporter -->
<testsuite hostname="DESKTOP-VD4OOGI" failures="0" tests="3" name="com_scm_Practice_TESTNG.Project_Integration_Admin_Addretiler_Test" time="5.734" errors="0" timestamp="2023-08-09T17:25:32 IST" skipped="2">
  <testcase classname="com_scm_Practice_TESTNG.Project_Integration_Admin_Addretiler_Test" name="Add_Retailer" time="2.540">
    <skipped/>
  </testcase> <!-- Add_Retailer -->
  <system-out>
    <![CDATA[retailer added]]>
  </system-out>
  <testcase classname="com_scm_Practice_TESTNG.Project_Integration_Admin_Addretiler_Test" name="Add_Retailer" time="1.538">
    <skipped/>
  </testcase> <!-- Add_Retailer -->
  <system-out>
    <![CDATA[retailer added]]>
  </system-out>
  <testcase classname="com_scm_Practice_TESTNG.Project_Integration_Admin_Addretiler_Test" name="Add_Retailer" time="1.656"/>
  <system-out>
    <![CDATA[retailer added]]>
  </system-out>
</testsuite> <!-- com_scm_Practice_TESTNG.Project_Integration_Admin_Addretiler_Test -->
