<?xml version="1.0" encoding="UTF-8"?>
<!-- Generated by org.testng.reporters.JUnitReportReporter -->
<testsuite hostname="DESKTOP-VD4OOGI" failures="0" tests="2" name="com.scm_Practice.TestNGTest" time="0.008" errors="0" timestamp="2023-08-04T10:57:35 IST" skipped="0">
  <testcase classname="com.scm_Practice.TestNGTest" name="editTest" time="0.006"/>
  <system-out/>
  <testcase classname="com.scm_Practice.TestNGTest" name="deleteTest" time="0.002"/>
  <system-out/>
</testsuite> <!-- com.scm_Practice.TestNGTest -->
