<?xml version="1.0" encoding="UTF-8"?>
<!-- Generated by org.testng.reporters.JUnitReportReporter -->
<testsuite hostname="DESKTOP-VD4OOGI" failures="0" tests="1" name="com_scm_Practice_TESTNG.Project_Smoke_AdminLogin_Test" time="3.080" errors="0" timestamp="2023-08-09T16:31:18 IST" skipped="0">
  <testcase classname="com_scm_Practice_TESTNG.Project_Smoke_AdminLogin_Test" name="validation" time="3.080"/>
  <system-out/>
</testsuite> <!-- com_scm_Practice_TESTNG.Project_Smoke_AdminLogin_Test -->
