<?xml version="1.0" encoding="UTF-8"?>
<!-- Generated by org.testng.reporters.JUnitReportReporter -->
<testsuite hostname="DESKTOP-VD4OOGI" failures="0" tests="2" name="com_scm_Practice_Assertion.HardAssertTest" time="18.772" errors="0" timestamp="2023-08-09T12:10:58 IST" skipped="0">
  <testcase classname="com_scm_Practice_Assertion.HardAssertTest" name="hardAssert" time="18.764"/>
  <system-out/>
  <testcase classname="com_scm_Practice_Assertion.HardAssertTest" name="Assertnull" time="0.008"/>
  <system-out/>
</testsuite> <!-- com_scm_Practice_Assertion.HardAssertTest -->
