<?xml version="1.0" encoding="UTF-8"?>
<!-- Generated by org.testng.reporters.JUnitReportReporter -->
<testsuite hostname="DESKTOP-VD4OOGI" failures="0" tests="1" name="com_scm_Practice_TESTNG.Project_manuf_manageStock_Test" time="3.460" errors="0" timestamp="2023-08-08T15:32:22 IST" skipped="0">
  <testcase classname="com_scm_Practice_TESTNG.Project_manuf_manageStock_Test" name="manuf_manageStock" time="3.460"/>
  <system-out/>
</testsuite> <!-- com_scm_Practice_TESTNG.Project_manuf_manageStock_Test -->
