<?xml version="1.0" encoding="UTF-8"?>
<!-- Generated by org.testng.reporters.JUnitReportReporter -->
<testsuite hostname="DESKTOP-VD4OOGI" failures="0" tests="2" name="com_scm_Practice_Assertion.SoftAssertTest" time="0.011" errors="0" timestamp="2023-08-09T11:42:53 IST" skipped="0">
  <testcase classname="com_scm_Practice_Assertion.SoftAssertTest" name="Assertnull" time="0.009"/>
  <system-out/>
  <testcase classname="com_scm_Practice_Assertion.SoftAssertTest" name="softAssert" time="0.002"/>
  <system-out/>
</testsuite> <!-- com_scm_Practice_Assertion.SoftAssertTest -->
