<?xml version="1.0" encoding="UTF-8"?>
<!-- Generated by org.testng.reporters.JUnitReportReporter -->
<testsuite hostname="DESKTOP-VD4OOGI" failures="0" tests="1" name="com_scm_Practice_TESTNG.Project_System_Admin_addManu_Test" time="1.960" errors="0" timestamp="2023-08-09T16:57:03 IST" skipped="0">
  <testcase classname="com_scm_Practice_TESTNG.Project_System_Admin_addManu_Test" name="add_manufacturee" time="1.960"/>
  <system-out>
    <![CDATA[manuf]]>
  </system-out>
</testsuite> <!-- com_scm_Practice_TESTNG.Project_System_Admin_addManu_Test -->
