<?xml version="1.0" encoding="UTF-8"?>
<!-- Generated by org.testng.reporters.JUnitReportReporter -->
<testsuite hostname="DESKTOP-VD4OOGI" failures="0" tests="1" name="com_scm_Practice_TESTNG.Project_integration_manuf_manageStock_Test" time="3.216" errors="0" timestamp="2023-08-10T10:30:18 IST" skipped="0">
  <testcase classname="com_scm_Practice_TESTNG.Project_integration_manuf_manageStock_Test" name="manuf_manageStock" time="3.216"/>
  <system-out/>
</testsuite> <!-- com_scm_Practice_TESTNG.Project_integration_manuf_manageStock_Test -->
