<?xml version="1.0" encoding="UTF-8"?>
<!-- Generated by org.testng.reporters.JUnitReportReporter -->
<testsuite hostname="DESKTOP-VD4OOGI" failures="0" tests="4" name="com_scm_Practice_TESTNG.Create_manu_Test" time="3.135" errors="0" timestamp="2023-08-08T10:21:07 IST" skipped="0">
  <testcase classname="com_scm_Practice_TESTNG.Create_manu_Test" name="add_manu" time="0.713"/>
  <system-out/>
  <testcase classname="com_scm_Practice_TESTNG.Create_manu_Test" name="Man_stc" time="0.597"/>
  <system-out/>
  <testcase classname="com_scm_Practice_TESTNG.Create_manu_Test" name="Man_stc" time="1.004"/>
  <system-out/>
  <testcase classname="com_scm_Practice_TESTNG.Create_manu_Test" name="add_manu" time="0.821"/>
  <system-out/>
</testsuite> <!-- com_scm_Practice_TESTNG.Create_manu_Test -->
