<?xml version="1.0" encoding="UTF-8"?>
<!-- Generated by org.testng.reporters.JUnitReportReporter -->
<testsuite hostname="DESKTOP-VD4OOGI" failures="0" tests="6" name="com_scm_Practice_TESTNG.Addp_AddD_TEST" time="4.616" errors="0" timestamp="2023-08-08T10:21:07 IST" skipped="0">
  <testcase classname="com_scm_Practice_TESTNG.Addp_AddD_TEST" name="logout" time="0.734"/>
  <system-out/>
  <testcase classname="com_scm_Practice_TESTNG.Addp_AddD_TEST" name="logout" time="0.656"/>
  <system-out/>
  <testcase classname="com_scm_Practice_TESTNG.Addp_AddD_TEST" name="addD" time="0.922"/>
  <system-out/>
  <testcase classname="com_scm_Practice_TESTNG.Addp_AddD_TEST" name="addD" time="1.026"/>
  <system-out/>
  <testcase classname="com_scm_Practice_TESTNG.Addp_AddD_TEST" name="addp" time="0.706"/>
  <system-out/>
  <testcase classname="com_scm_Practice_TESTNG.Addp_AddD_TEST" name="addp" time="0.572"/>
  <system-out/>
</testsuite> <!-- com_scm_Practice_TESTNG.Addp_AddD_TEST -->
