<?xml version="1.0" encoding="UTF-8"?>
<!-- Generated by org.testng.reporters.JUnitReportReporter -->
<testsuite hostname="DESKTOP-VD4OOGI" failures="0" tests="2" name="com_scm_Practice_TESTNG.BasicScript_TestNG_Test" time="0.005" errors="0" timestamp="2023-08-07T14:55:34 IST" skipped="0">
  <testcase classname="com_scm_Practice_TESTNG.BasicScript_TestNG_Test" name="retailer" time="0.001"/>
  <system-out/>
  <testcase classname="com_scm_Practice_TESTNG.BasicScript_TestNG_Test" name="Add_manu" time="0.004"/>
  <system-out/>
</testsuite> <!-- com_scm_Practice_TESTNG.BasicScript_TestNG_Test -->
